<?xml version="1.0" encoding="utf-8"?><testsuites name="pytest tests"><testsuite name="pytest" errors="0" failures="9" skipped="5" tests="180" time="4.642" timestamp="2025-12-13T21:51:05.609759+06:00" hostname="toothless"><testcase classname="tests.test_cli.TestCLIMain" name="test_main_help" time="0.005" /><testcase classname="tests.test_cli.TestCLIMain" name="test_main_no_command" time="0.006" /><testcase classname="tests.test_cli.TestCLIMain" name="test_main_evcvt_missing_file" time="0.004" /><testcase classname="tests.test_cli.TestCLIMain" name="test_main_evcvt_success" time="0.364" /><testcase classname="tests.test_cli.TestCLIMain" name="test_main_lcpack_missing_files" time="0.004" /><testcase classname="tests.test_cli.TestCLIMain" name="test_main_lcpack_success" time="0.408" /><testcase classname="tests.test_cli.TestCLIMain" name="test_main_scatter_success" time="0.164" /><testcase classname="tests.test_cli.TestCLIMain" name="test_main_line_compare_success" time="0.135" /><testcase classname="tests.test_cli.TestCLIMain" name="test_main_etc_compare_success" time="0.152" /><testcase classname="tests.test_cli.TestCLIMain" name="test_main_etc_compare_missing_columns" time="0.019" /><testcase classname="tests.test_cli.TestVisualizationFunctions" name="test_generate_grouped_bar_chart_basic" time="0.125" /><testcase classname="tests.test_cli.TestVisualizationFunctions" name="test_generate_grouped_bar_chart_missing_file" time="0.000" /><testcase classname="tests.test_cli.TestVisualizationFunctions" name="test_plot_metric_line_chart_basic" time="0.131" /><testcase classname="tests.test_cli.TestVisualizationFunctions" name="test_plot_execution_vs_energy_scatter_basic" time="0.141" /><testcase classname="tests.test_cli.TestVisualizationFunctions" name="test_plot_time_vs_energy_line_chart_basic" time="0.130" /><testcase classname="tests.test_cli.TestVisualizationFunctions" name="test_plot_method_metric_line_chart_basic" time="0.116" /><testcase classname="tests.test_cli.TestVisualizationFunctions" name="test_plot_method_metric_line_chart_missing_columns" time="0.005" /><testcase classname="tests.test_cli.TestCLIIntegration" name="test_cli_module_imports" time="0.001" /><testcase classname="tests.test_cli.TestCLIIntegration" name="test_all_visualization_functions_importable" time="0.000" /><testcase classname="tests.test_config.TestDefaultParams" name="test_default_params_is_dict" time="0.000" /><testcase classname="tests.test_config.TestDefaultParams" name="test_default_params_has_algorithms" time="0.000" /><testcase classname="tests.test_config.TestDefaultParams" name="test_default_params_structure" time="0.000" /><testcase classname="tests.test_config.TestDefaultParams" name="test_hanoi_params" time="0.000" /><testcase classname="tests.test_config.TestDefaultParams" name="test_k_nucleotide_has_file_path" time="0.000" /><testcase classname="tests.test_config.TestGetDefaultParams" name="test_get_default_params_success" time="0.000" /><testcase classname="tests.test_config.TestGetDefaultParams" name="test_get_default_params_returns_copy" time="0.000" /><testcase classname="tests.test_config.TestGetDefaultParams" name="test_get_default_params_unknown_algorithm" time="0.000" /><testcase classname="tests.test_config.TestGetDefaultParams" name="test_get_default_params_all_algorithms" time="0.005" /><testcase classname="tests.test_config.TestResolveConfigPath" name="test_resolve_config_path_basic" time="0.001" /><testcase classname="tests.test_config.TestResolveConfigPath" name="test_resolve_config_path_multiple_parts" time="0.001" /><testcase classname="tests.test_config.TestDNAPathResolution" name="test_dna_path_from_env_var" time="0.003" /><testcase classname="tests.test_config.TestDNAPathResolution" name="test_dna_path_from_data_dir" time="0.002" /><testcase classname="tests.test_config.TestDNAPathResolution" name="test_dna_path_not_found_raises" time="0.002" /><testcase classname="tests.test_config.TestConfigIntegration" name="test_config_module_imports" time="0.000" /><testcase classname="tests.test_config.TestConfigIntegration" name="test_backwards_compatibility_alias" time="0.000" /><testcase classname="tests.test_config.TestConfigIntegration" name="test_get_default_params_modification_safe" time="0.000" /><testcase classname="tests.test_energy_crossplatform.TestCrossPlatformEnergy" name="test_energy_decorator_uses_estimation_on_windows" time="0.014" /><testcase classname="tests.test_energy_crossplatform.TestCrossPlatformEnergy" name="test_energy_decorator_system_info_includes_estimation" time="0.014" /><testcase classname="tests.test_energy_crossplatform.TestCrossPlatformEnergy" name="test_energy_decorator_uses_hardware_on_linux" time="0.015" /><testcase classname="tests.test_energy_crossplatform.TestCrossPlatformEnergy" name="test_energy_decorator_estimation_produces_reasonable_values" time="0.023" /><testcase classname="tests.test_energy_crossplatform.TestCrossPlatformEnergy" name="test_energy_decorator_warning_message" time="0.004" /><testcase classname="tests.test_energy_crossplatform.TestCrossPlatformEnergy" name="test_energy_decorator_csv_format_consistent" time="0.013" /><testcase classname="tests.test_energy_crossplatform.TestCrossPlatformEnergy" name="test_energy_decorator_dram_zero_on_estimation" time="0.013" /><testcase classname="tests.test_estimators.TestCPUTDP" name="test_get_cpu_tdp_intel_core_i7" time="0.000" /><testcase classname="tests.test_estimators.TestCPUTDP" name="test_get_cpu_tdp_amd_ryzen_5" time="0.000" /><testcase classname="tests.test_estimators.TestCPUTDP" name="test_get_cpu_tdp_apple_m1" time="0.000" /><testcase classname="tests.test_estimators.TestCPUTDP" name="test_get_cpu_tdp_unknown_cpu" time="0.000" /><testcase classname="tests.test_estimators.TestCPUTDP" name="test_get_cpu_tdp_case_insensitive" time="0.000" /><testcase classname="tests.test_estimators.TestCPUTDP" name="test_get_cpu_tdp_partial_match" time="0.000" /><testcase classname="tests.test_estimators.TestEnergyEstimation" name="test_estimate_energy_cpu_time_returns_tuple" time="0.000" /><testcase classname="tests.test_estimators.TestEnergyEstimation" name="test_estimate_energy_cpu_time_returns_positive_energy" time="0.000" /><testcase classname="tests.test_estimators.TestEnergyEstimation" name="test_estimate_energy_cpu_time_returns_model_name" time="0.000" /><testcase classname="tests.test_estimators.TestEnergyEstimation" name="test_estimate_energy_cpu_time_with_cpu_info" time="0.000" /><testcase classname="tests.test_estimators.TestEnergyEstimation" name="test_estimate_energy_cpu_time_scales_with_time" time="0.000" /><testcase classname="tests.test_estimators.TestEnergyEstimation" name="test_estimate_energy_from_psutil_returns_tuple" time="0.101" /><testcase classname="tests.test_estimators.TestEnergyEstimation" name="test_estimate_energy_from_psutil_returns_positive_energy" time="0.101" /><testcase classname="tests.test_estimators.TestEnergyEstimation" name="test_estimate_energy_from_psutil_uses_cpu_percent" time="0.001" /><testcase classname="tests.test_estimators.TestEnergyEstimation" name="test_estimate_windows_returns_tuple" time="0.000" /><testcase classname="tests.test_estimators.TestEnergyEstimation" name="test_estimate_windows_returns_positive_energy" time="0.001" /><testcase classname="tests.test_estimators.TestEnergyEstimation" name="test_estimate_macos_returns_tuple" time="0.000" /><testcase classname="tests.test_estimators.TestEnergyEstimation" name="test_estimate_macos_returns_positive_energy" time="0.000" /><testcase classname="tests.test_estimators.TestEnergyEstimation" name="test_estimate_macos_apple_silicon" time="0.102" /><testcase classname="tests.test_estimators.TestEnergyEstimation" name="test_estimate_energy_platform_agnostic" time="0.001" /><testcase classname="tests.test_estimators.TestEnergyEstimation" name="test_estimate_energy_reasonable_values" time="0.001" /><testcase classname="tests.test_estimators.TestEnergyEstimation" name="test_estimate_energy_different_cpus" time="0.000" /><testcase classname="tests.test_estimators.TestEstimationIntegration" name="test_estimators_module_imports" time="0.000" /><testcase classname="tests.test_estimators.TestEstimationIntegration" name="test_estimation_consistency" time="0.000" /><testcase classname="tests.test_estimators.TestEstimationIntegration" name="test_estimation_units" time="0.000" /><testcase classname="tests.test_measurement.TestTimeMeasurement" name="test_measure_time_to_csv_decorator_works" time="0.001" /><testcase classname="tests.test_measurement.TestTimeMeasurement" name="test_measure_time_to_csv_creates_directory" time="0.003" /><testcase classname="tests.test_measurement.TestTimeMeasurement" name="test_measure_time_to_csv_creates_csv_file" time="0.035" /><testcase classname="tests.test_measurement.TestTimeMeasurement" name="test_measure_time_to_csv_creates_system_info_json" time="0.013" /><testcase classname="tests.test_measurement.TestTimeMeasurement" name="test_measure_time_to_csv_runs_multiple_times" time="0.013" /><testcase classname="tests.test_measurement.TestTimeMeasurement" name="test_measure_time_to_csv_with_path_object" time="0.002" /><testcase classname="tests.test_measurement.TestTimeMeasurement" name="test_measure_time_to_csv_preserves_function_metadata" time="0.000" /><testcase classname="tests.test_measurement.TestTimeMeasurement" name="test_measure_time_to_csv_handles_function_arguments" time="0.002" /><testcase classname="tests.test_measurement.TestEnergyMeasurement" name="test_measure_energy_to_csv_raises_error_on_non_linux" time="0.002"><failure message="Failed: DID NOT RAISE &lt;class 'RuntimeError'&gt;">tests\test_measurement.py:175: in test_measure_energy_to_csv_raises_error_on_non_linux
    with pytest.raises(RuntimeError) as exc_info:
         ^^^^^^^^^^^^^^^^^^^^^^^^^^^
E   Failed: DID NOT RAISE &lt;class 'RuntimeError'&gt;</failure></testcase><testcase classname="tests.test_measurement.TestEnergyMeasurement" name="test_measure_energy_to_csv_raises_error_if_pyrapl_not_installed" time="0.002"><failure message="Failed: DID NOT RAISE &lt;class 'RuntimeError'&gt;">tests\test_measurement.py:191: in test_measure_energy_to_csv_raises_error_if_pyrapl_not_installed
    with pytest.raises(RuntimeError) as exc_info:
         ^^^^^^^^^^^^^^^^^^^^^^^^^^^
E   Failed: DID NOT RAISE &lt;class 'RuntimeError'&gt;</failure></testcase><testcase classname="tests.test_measurement.TestEnergyMeasurement" name="test_measure_energy_to_csv_creates_directory" time="0.003" /><testcase classname="tests.test_measurement.TestEnergyMeasurement" name="test_measure_energy_to_csv_creates_csv_file" time="0.014"><failure message="AssertionError: assert '54.6' == '1000000'&#10;  &#10;  - 1000000&#10;  + 54.6">tests\test_measurement.py:264: in test_measure_energy_to_csv_creates_csv_file
    assert rows[1][3] == '1000000'  # Package energy
    ^^^^^^^^^^^^^^^^^^^^^^^^^^^^^^
E   AssertionError: assert '54.6' == '1000000'
E     
E     - 1000000
E     + 54.6</failure></testcase><testcase classname="tests.test_measurement.TestEnergyMeasurement" name="test_measure_energy_to_csv_creates_system_info_json" time="0.012" /><testcase classname="tests.test_measurement.TestEnergyMeasurement" name="test_measure_energy_to_csv_runs_multiple_times" time="0.005"><failure message="AssertionError: assert 0 == 3&#10; +  where 0 = &lt;MagicMock name='pyRAPL.Measurement' id='2112488745552'&gt;.call_count&#10; +    where &lt;MagicMock name='pyRAPL.Measurement' id='2112488745552'&gt; = &lt;MagicMock name='pyRAPL' id='2112488744544'&gt;.Measurement">tests\test_measurement.py:333: in test_measure_energy_to_csv_runs_multiple_times
    assert mock_pyrapl_module.Measurement.call_count == 3
E   AssertionError: assert 0 == 3
E    +  where 0 = &lt;MagicMock name='pyRAPL.Measurement' id='2112488745552'&gt;.call_count
E    +    where &lt;MagicMock name='pyRAPL.Measurement' id='2112488745552'&gt; = &lt;MagicMock name='pyRAPL' id='2112488744544'&gt;.Measurement</failure></testcase><testcase classname="tests.test_measurement.TestEnergyMeasurement" name="test_measure_energy_to_csv_with_path_object" time="0.003" /><testcase classname="tests.test_measurement.TestEnergyMeasurement" name="test_measure_energy_to_csv_handles_no_dram" time="0.013" /><testcase classname="tests.test_measurement.TestMeasurementIntegration" name="test_measurement_modules_import" time="0.000" /><testcase classname="tests.test_measurement.TestMeasurementIntegration" name="test_both_decorators_work_together" time="0.005" /><testcase classname="tests.test_measurement.TestMeasurementIntegration" name="test_pathlib_usage_in_time_decorator" time="0.002" /><testcase classname="tests.test_measurement.TestMeasurementIntegration" name="test_pathlib_usage_in_energy_decorator" time="0.003" /><testcase classname="tests.test_models.TestCarbonFootprint" name="test_calculate_carbon_footprint_basic" time="0.005" /><testcase classname="tests.test_models.TestCarbonFootprint" name="test_calculate_carbon_footprint_values" time="0.006" /><testcase classname="tests.test_models.TestCarbonFootprint" name="test_calculate_carbon_footprint_custom_intensity" time="0.004" /><testcase classname="tests.test_models.TestCarbonFootprint" name="test_calculate_carbon_footprint_saves_file" time="0.016" /><testcase classname="tests.test_models.TestCarbonFootprint" name="test_calculate_carbon_footprint_missing_file" time="0.001"><failure message="pgsi_analyzer.utils.errors.ConfigurationError: File not found: nonexistent.csv">tests\test_models.py:107: in test_calculate_carbon_footprint_missing_file
    calculate_carbon_footprint("nonexistent.csv")
src\pgsi_analyzer\models\carbon.py:46: in calculate_carbon_footprint
    energy_path = validate_file_path(energy_csv_path, must_exist=True)
                  ^^^^^^^^^^^^^^^^^^^^^^^^^^^^^^^^^^^^^^^^^^^^^^^^^^^^
src\pgsi_analyzer\utils\validation.py:19: in validate_file_path
    raise ConfigurationError(f"File not found: {p}")
E   pgsi_analyzer.utils.errors.ConfigurationError: File not found: nonexistent.csv</failure></testcase><testcase classname="tests.test_models.TestCarbonFootprint" name="test_calculate_carbon_footprint_missing_algorithm_column" time="0.012"><failure message="pgsi_analyzer.utils.errors.AnalysisError: Missing required columns: ['algorithm']">tests\test_models.py:118: in test_calculate_carbon_footprint_missing_algorithm_column
    calculate_carbon_footprint(energy_path)
src\pgsi_analyzer\models\carbon.py:50: in calculate_carbon_footprint
    validate_dataframe(energy_df, ["algorithm"])
src\pgsi_analyzer\utils\validation.py:26: in validate_dataframe
    raise AnalysisError(f"Missing required columns: {missing}")
E   pgsi_analyzer.utils.errors.AnalysisError: Missing required columns: ['algorithm']</failure></testcase><testcase classname="tests.test_models.TestNormalizeMetrics" name="test_normalize_metrics_basic" time="0.002" /><testcase classname="tests.test_models.TestNormalizeMetrics" name="test_normalize_metrics_values" time="0.001" /><testcase classname="tests.test_models.TestNormalizeMetrics" name="test_normalize_metrics_constant_row" time="0.001" /><testcase classname="tests.test_models.TestNormalizeMetrics" name="test_normalize_metrics_saves_file" time="0.014" /><testcase classname="tests.test_models.TestGreenScore" name="test_calculate_greenscore_basic" time="0.007" /><testcase classname="tests.test_models.TestGreenScore" name="test_calculate_greenscore_weights_validation" time="0.001"><failure message="pgsi_analyzer.utils.errors.AnalysisError: Weights must sum to 1.0; got 1.500000">tests\test_models.py:232: in test_calculate_greenscore_weights_validation
    calculate_greenscore(energy_df, time_df, carbon_df, alpha=0.5, beta=0.5, gamma=0.5)
src\pgsi_analyzer\models\greenscore.py:107: in calculate_greenscore
    validate_weights(alpha, beta, gamma)
src\pgsi_analyzer\utils\validation.py:32: in validate_weights
    raise AnalysisError(f"Weights must sum to 1.0; got {total:.6f}")
E   pgsi_analyzer.utils.errors.AnalysisError: Weights must sum to 1.0; got 1.500000</failure></testcase><testcase classname="tests.test_models.TestGreenScore" name="test_calculate_greenscore_sorted" time="0.007" /><testcase classname="tests.test_models.TestGreenScore" name="test_calculate_greenscore_saves_file" time="0.018" /><testcase classname="tests.test_models.TestAggregation" name="test_aggregate_energy_basic" time="0.023" /><testcase classname="tests.test_models.TestAggregation" name="test_aggregate_energy_values" time="0.013" /><testcase classname="tests.test_models.TestAggregation" name="test_aggregate_energy_saves_file" time="0.022" /><testcase classname="tests.test_models.TestAggregation" name="test_aggregate_energy_missing_folder" time="0.001"><failure message="pgsi_analyzer.utils.errors.ConfigurationError: Folder not found: nonexistent_folder">tests\test_models.py:334: in test_aggregate_energy_missing_folder
    aggregate_energy("nonexistent_folder")
src\pgsi_analyzer\models\aggregation.py:43: in aggregate_energy
    raise ConfigurationError(f"Folder not found: {folder}")
E   pgsi_analyzer.utils.errors.ConfigurationError: Folder not found: nonexistent_folder</failure></testcase><testcase classname="tests.test_models.TestAggregation" name="test_aggregate_time_basic" time="0.014" /><testcase classname="tests.test_models.TestAggregation" name="test_aggregate_time_values" time="0.004" /><testcase classname="tests.test_models.TestCombination" name="test_combine_energy_results_basic" time="0.025" /><testcase classname="tests.test_models.TestCombination" name="test_combine_time_results_basic" time="0.025" /><testcase classname="tests.test_models.TestCombination" name="test_combine_energy_results_missing_file" time="0.000"><failure message="pgsi_analyzer.utils.errors.ConfigurationError: File not found: nonexistent.csv">tests\test_models.py:440: in test_combine_energy_results_missing_file
    combine_energy_results(["nonexistent.csv"], "output.csv")
src\pgsi_analyzer\models\combination.py:67: in combine_energy_results
    path = validate_file_path(file_path, must_exist=True)
           ^^^^^^^^^^^^^^^^^^^^^^^^^^^^^^^^^^^^^^^^^^^^^^
src\pgsi_analyzer\utils\validation.py:19: in validate_file_path
    raise ConfigurationError(f"File not found: {p}")
E   pgsi_analyzer.utils.errors.ConfigurationError: File not found: nonexistent.csv</failure></testcase><testcase classname="tests.test_models.TestCombination" name="test_combine_energy_results_extract_algorithm" time="0.015" /><testcase classname="tests.test_models.TestModelsIntegration" name="test_full_pipeline" time="0.040" /><testcase classname="tests.test_platform.TestPlatformDetection" name="test_detect_platform_returns_string" time="0.000" /><testcase classname="tests.test_platform.TestPlatformDetection" name="test_detect_platform_consistency" time="0.000" /><testcase classname="tests.test_platform.TestPlatformDetection" name="test_is_windows" time="0.000" /><testcase classname="tests.test_platform.TestPlatformDetection" name="test_is_macos" time="0.000" /><testcase classname="tests.test_platform.TestPlatformDetection" name="test_is_linux" time="0.000" /><testcase classname="tests.test_platform.TestPlatformDetection" name="test_is_linux_intel_on_windows" time="0.000" /><testcase classname="tests.test_platform.TestPlatformDetection" name="test_is_linux_intel_linux_x86_64" time="0.001" /><testcase classname="tests.test_platform.TestPlatformDetection" name="test_is_linux_intel_linux_amd64" time="0.001" /><testcase classname="tests.test_platform.TestPlatformDetection" name="test_is_linux_intel_linux_arm" time="0.001" /><testcase classname="tests.test_platform.TestPathResolution" name="test_get_user_data_dir_returns_path" time="0.000" /><testcase classname="tests.test_platform.TestPathResolution" name="test_get_user_data_dir_platform_specific" time="0.000" /><testcase classname="tests.test_platform.TestPathResolution" name="test_resolve_data_path_with_base" time="0.000" /><testcase classname="tests.test_platform.TestPathResolution" name="test_resolve_data_path_with_env_var" time="0.001" /><testcase classname="tests.test_platform.TestPathResolution" name="test_resolve_data_path_default" time="0.001" /><testcase classname="tests.test_platform.TestPathResolution" name="test_resolve_benchmark_path_default" time="0.000" /><testcase classname="tests.test_platform.TestPathResolution" name="test_resolve_benchmark_path_with_env_var" time="0.001" /><testcase classname="tests.test_platform.TestHardwareDetection" name="test_get_cpu_info_returns_dict" time="0.000" /><testcase classname="tests.test_platform.TestHardwareDetection" name="test_get_cpu_info_has_valid_values" time="0.000" /><testcase classname="tests.test_platform.TestHardwareDetection" name="test_get_system_info_returns_dict" time="0.001" /><testcase classname="tests.test_platform.TestHardwareDetection" name="test_get_system_info_with_path_string" time="0.000" /><testcase classname="tests.test_platform.TestHardwareDetection" name="test_get_system_info_with_path_object" time="0.000" /><testcase classname="tests.test_platform.TestHardwareDetection" name="test_get_system_info_ram_positive" time="0.001" /><testcase classname="tests.test_platform.TestHardwareDetection" name="test_check_rapl_support_returns_bool" time="0.001" /><testcase classname="tests.test_platform.TestHardwareDetection" name="test_check_rapl_support_non_linux" time="0.001" /><testcase classname="tests.test_platform.TestHardwareDetection" name="test_check_rapl_support_linux_with_pyrapl" time="0.001" /><testcase classname="tests.test_platform.TestHardwareDetection" name="test_check_rapl_support_import_error" time="0.001" /><testcase classname="tests.test_platform.TestIntegration" name="test_platform_module_imports" time="0.000" /><testcase classname="tests.test_platform.TestIntegration" name="test_path_operations_use_pathlib" time="0.000" /><testcase classname="tests.test_platform.TestIntegration" name="test_system_info_completeness" time="0.001" /><testcase classname="tests.test_statistics.TestCalculateStandardDeviation" name="test_calculate_standard_deviation_basic" time="0.001" /><testcase classname="tests.test_statistics.TestCalculateStandardDeviation" name="test_calculate_standard_deviation_missing_algorithm_column" time="0.001" /><testcase classname="tests.test_statistics.TestCalculateStandardDeviation" name="test_calculate_standard_deviation_single_method" time="0.001" /><testcase classname="tests.test_statistics.TestPerformStatisticalTests" name="test_perform_statistical_tests_basic" time="0.000"><skipped type="pytest.skip" message="scipy not available">D:\GITHUB\ME\PGSI\tests\test_statistics.py:68: scipy not available</skipped></testcase><testcase classname="tests.test_statistics.TestPerformStatisticalTests" name="test_perform_statistical_tests_single_method_raises" time="0.000"><skipped type="pytest.skip" message="scipy not available">D:\GITHUB\ME\PGSI\tests\test_statistics.py:102: scipy not available</skipped></testcase><testcase classname="tests.test_statistics.TestPerformStatisticalTests" name="test_perform_statistical_tests_missing_scipy" time="0.001" /><testcase classname="tests.test_statistics.TestOnewayAnovaGreenscore" name="test_oneway_anova_greenscore_basic" time="0.000"><skipped type="pytest.skip" message="scipy not available">D:\GITHUB\ME\PGSI\tests\test_statistics.py:131: scipy not available</skipped></testcase><testcase classname="tests.test_statistics.TestOnewayAnovaGreenscore" name="test_oneway_anova_greenscore_single_method_raises" time="0.000"><skipped type="pytest.skip" message="scipy not available">D:\GITHUB\ME\PGSI\tests\test_statistics.py:145: scipy not available</skipped></testcase><testcase classname="tests.test_statistics.TestOnewayAnovaGreenscore" name="test_oneway_anova_greenscore_missing_columns" time="0.001" /><testcase classname="tests.test_statistics.TestOnewayAnovaGreenscore" name="test_oneway_anova_greenscore_missing_scipy" time="0.001" /><testcase classname="tests.test_statistics.TestLoadCSV" name="test_load_csv_success" time="0.005" /><testcase classname="tests.test_statistics.TestLoadCSV" name="test_load_csv_string_path" time="0.003" /><testcase classname="tests.test_statistics.TestLoadCSV" name="test_load_csv_missing_file_raises" time="0.000" /><testcase classname="tests.test_statistics.TestStatisticsIntegration" name="test_statistics_module_imports" time="0.000" /><testcase classname="tests.test_statistics.TestStatisticsIntegration" name="test_full_statistical_workflow" time="0.000"><skipped type="pytest.skip" message="scipy not available">D:\GITHUB\ME\PGSI\tests\test_statistics.py:240: scipy not available</skipped></testcase><testcase classname="tests.test_utils.TestErrorHierarchy" name="test_pgsi_analyzer_error_is_base" time="0.000" /><testcase classname="tests.test_utils.TestErrorHierarchy" name="test_measurement_error_raises" time="0.000" /><testcase classname="tests.test_utils.TestErrorHierarchy" name="test_analysis_error_raises" time="0.000" /><testcase classname="tests.test_utils.TestErrorHierarchy" name="test_platform_error_raises" time="0.000" /><testcase classname="tests.test_utils.TestErrorHierarchy" name="test_configuration_error_raises" time="0.000" /><testcase classname="tests.test_utils.TestValidateFilePath" name="test_validate_file_path_exists" time="0.002" /><testcase classname="tests.test_utils.TestValidateFilePath" name="test_validate_file_path_string" time="0.002" /><testcase classname="tests.test_utils.TestValidateFilePath" name="test_validate_file_path_missing_raises" time="0.001" /><testcase classname="tests.test_utils.TestValidateFilePath" name="test_validate_file_path_not_required" time="0.000" /><testcase classname="tests.test_utils.TestValidateDataFrame" name="test_validate_dataframe_success" time="0.001" /><testcase classname="tests.test_utils.TestValidateDataFrame" name="test_validate_dataframe_missing_column" time="0.001" /><testcase classname="tests.test_utils.TestValidateDataFrame" name="test_validate_dataframe_multiple_missing" time="0.000" /><testcase classname="tests.test_utils.TestValidateWeights" name="test_validate_weights_success" time="0.000" /><testcase classname="tests.test_utils.TestValidateWeights" name="test_validate_weights_not_one_raises" time="0.000" /><testcase classname="tests.test_utils.TestValidateWeights" name="test_validate_weights_close_to_one" time="0.000" /><testcase classname="tests.test_utils.TestValidateWeights" name="test_validate_weights_zero" time="0.000" /><testcase classname="tests.test_utils.TestValidatePlatform" name="test_validate_platform_no_requirement" time="0.000" /><testcase classname="tests.test_utils.TestValidatePlatform" name="test_validate_platform_linux_intel_required_success" time="0.001" /><testcase classname="tests.test_utils.TestValidatePlatform" name="test_validate_platform_linux_intel_required_failure" time="0.001" /><testcase classname="tests.test_utils.TestRequireColumns" name="test_require_columns_success" time="0.001" /><testcase classname="tests.test_utils.TestRequireColumns" name="test_require_columns_missing" time="0.000" /><testcase classname="tests.test_utils.TestUtilsIntegration" name="test_all_exports_available" time="0.000" /><testcase classname="tests.test_utils.TestUtilsIntegration" name="test_error_inheritance_chain" time="0.000" /></testsuite></testsuites>