<?xml version="1.0" encoding="utf-8"?><testsuites name="pytest tests"><testsuite name="pytest" errors="0" failures="0" skipped="0" tests="19" time="2.610" timestamp="2025-12-11T00:56:53.140574+06:00" hostname="toothless"><testcase classname="tests.test_cli.TestCLIMain" name="test_main_help" time="0.007" /><testcase classname="tests.test_cli.TestCLIMain" name="test_main_no_command" time="0.004" /><testcase classname="tests.test_cli.TestCLIMain" name="test_main_evcvt_missing_file" time="0.005" /><testcase classname="tests.test_cli.TestCLIMain" name="test_main_evcvt_success" time="0.218" /><testcase classname="tests.test_cli.TestCLIMain" name="test_main_lcpack_missing_files" time="0.004" /><testcase classname="tests.test_cli.TestCLIMain" name="test_main_lcpack_success" time="0.418" /><testcase classname="tests.test_cli.TestCLIMain" name="test_main_scatter_success" time="0.154" /><testcase classname="tests.test_cli.TestCLIMain" name="test_main_line_compare_success" time="0.120" /><testcase classname="tests.test_cli.TestCLIMain" name="test_main_etc_compare_success" time="0.121" /><testcase classname="tests.test_cli.TestCLIMain" name="test_main_etc_compare_missing_columns" time="0.011" /><testcase classname="tests.test_cli.TestVisualizationFunctions" name="test_generate_grouped_bar_chart_basic" time="0.125" /><testcase classname="tests.test_cli.TestVisualizationFunctions" name="test_generate_grouped_bar_chart_missing_file" time="0.001" /><testcase classname="tests.test_cli.TestVisualizationFunctions" name="test_plot_metric_line_chart_basic" time="0.137" /><testcase classname="tests.test_cli.TestVisualizationFunctions" name="test_plot_execution_vs_energy_scatter_basic" time="0.141" /><testcase classname="tests.test_cli.TestVisualizationFunctions" name="test_plot_time_vs_energy_line_chart_basic" time="0.114" /><testcase classname="tests.test_cli.TestVisualizationFunctions" name="test_plot_method_metric_line_chart_basic" time="0.115" /><testcase classname="tests.test_cli.TestVisualizationFunctions" name="test_plot_method_metric_line_chart_missing_columns" time="0.004" /><testcase classname="tests.test_cli.TestCLIIntegration" name="test_cli_module_imports" time="0.000" /><testcase classname="tests.test_cli.TestCLIIntegration" name="test_all_visualization_functions_importable" time="0.001" /></testsuite></testsuites>