<?xml version="1.0" encoding="utf-8"?><testsuites name="pytest tests"><testsuite name="pytest" errors="0" failures="0" skipped="0" tests="32" time="0.584" timestamp="2025-12-11T00:41:49.774045+06:00" hostname="toothless"><testcase classname="tests.test_estimators.TestCPUTDP" name="test_get_cpu_tdp_intel_core_i7" time="0.001" /><testcase classname="tests.test_estimators.TestCPUTDP" name="test_get_cpu_tdp_amd_ryzen_5" time="0.000" /><testcase classname="tests.test_estimators.TestCPUTDP" name="test_get_cpu_tdp_apple_m1" time="0.000" /><testcase classname="tests.test_estimators.TestCPUTDP" name="test_get_cpu_tdp_unknown_cpu" time="0.000" /><testcase classname="tests.test_estimators.TestCPUTDP" name="test_get_cpu_tdp_case_insensitive" time="0.000" /><testcase classname="tests.test_estimators.TestCPUTDP" name="test_get_cpu_tdp_partial_match" time="0.000" /><testcase classname="tests.test_estimators.TestEnergyEstimation" name="test_estimate_energy_cpu_time_returns_tuple" time="0.000" /><testcase classname="tests.test_estimators.TestEnergyEstimation" name="test_estimate_energy_cpu_time_returns_positive_energy" time="0.000" /><testcase classname="tests.test_estimators.TestEnergyEstimation" name="test_estimate_energy_cpu_time_returns_model_name" time="0.000" /><testcase classname="tests.test_estimators.TestEnergyEstimation" name="test_estimate_energy_cpu_time_with_cpu_info" time="0.000" /><testcase classname="tests.test_estimators.TestEnergyEstimation" name="test_estimate_energy_cpu_time_scales_with_time" time="0.000" /><testcase classname="tests.test_estimators.TestEnergyEstimation" name="test_estimate_energy_from_psutil_returns_tuple" time="0.103" /><testcase classname="tests.test_estimators.TestEnergyEstimation" name="test_estimate_energy_from_psutil_returns_positive_energy" time="0.102" /><testcase classname="tests.test_estimators.TestEnergyEstimation" name="test_estimate_energy_from_psutil_uses_cpu_percent" time="0.001" /><testcase classname="tests.test_estimators.TestEnergyEstimation" name="test_estimate_windows_returns_tuple" time="0.000" /><testcase classname="tests.test_estimators.TestEnergyEstimation" name="test_estimate_windows_returns_positive_energy" time="0.000" /><testcase classname="tests.test_estimators.TestEnergyEstimation" name="test_estimate_macos_returns_tuple" time="0.000" /><testcase classname="tests.test_estimators.TestEnergyEstimation" name="test_estimate_macos_returns_positive_energy" time="0.000" /><testcase classname="tests.test_estimators.TestEnergyEstimation" name="test_estimate_macos_apple_silicon" time="0.121" /><testcase classname="tests.test_estimators.TestEnergyEstimation" name="test_estimate_energy_platform_agnostic" time="0.002" /><testcase classname="tests.test_estimators.TestEnergyEstimation" name="test_estimate_energy_reasonable_values" time="0.002" /><testcase classname="tests.test_estimators.TestEnergyEstimation" name="test_estimate_energy_different_cpus" time="0.001" /><testcase classname="tests.test_estimators.TestEstimationIntegration" name="test_estimators_module_imports" time="0.001" /><testcase classname="tests.test_estimators.TestEstimationIntegration" name="test_estimation_consistency" time="0.001" /><testcase classname="tests.test_estimators.TestEstimationIntegration" name="test_estimation_units" time="0.001" /><testcase classname="tests.test_energy_crossplatform.TestCrossPlatformEnergy" name="test_energy_decorator_uses_estimation_on_windows" time="0.028" /><testcase classname="tests.test_energy_crossplatform.TestCrossPlatformEnergy" name="test_energy_decorator_system_info_includes_estimation" time="0.024" /><testcase classname="tests.test_energy_crossplatform.TestCrossPlatformEnergy" name="test_energy_decorator_uses_hardware_on_linux" time="0.042" /><testcase classname="tests.test_energy_crossplatform.TestCrossPlatformEnergy" name="test_energy_decorator_estimation_produces_reasonable_values" time="0.033" /><testcase classname="tests.test_energy_crossplatform.TestCrossPlatformEnergy" name="test_energy_decorator_warning_message" time="0.005" /><testcase classname="tests.test_energy_crossplatform.TestCrossPlatformEnergy" name="test_energy_decorator_csv_format_consistent" time="0.017" /><testcase classname="tests.test_energy_crossplatform.TestCrossPlatformEnergy" name="test_energy_decorator_dram_zero_on_estimation" time="0.018" /></testsuite></testsuites>