<?xml version="1.0" encoding="utf-8"?><testsuites name="pytest tests"><testsuite name="pytest" errors="0" failures="0" skipped="5" tests="55" time="0.583" timestamp="2025-12-13T21:50:40.260146+06:00" hostname="toothless"><testcase classname="tests.test_utils.TestErrorHierarchy" name="test_pgsi_analyzer_error_is_base" time="0.000" /><testcase classname="tests.test_utils.TestErrorHierarchy" name="test_measurement_error_raises" time="0.000" /><testcase classname="tests.test_utils.TestErrorHierarchy" name="test_analysis_error_raises" time="0.000" /><testcase classname="tests.test_utils.TestErrorHierarchy" name="test_platform_error_raises" time="0.000" /><testcase classname="tests.test_utils.TestErrorHierarchy" name="test_configuration_error_raises" time="0.001" /><testcase classname="tests.test_utils.TestValidateFilePath" name="test_validate_file_path_exists" time="0.004" /><testcase classname="tests.test_utils.TestValidateFilePath" name="test_validate_file_path_string" time="0.001" /><testcase classname="tests.test_utils.TestValidateFilePath" name="test_validate_file_path_missing_raises" time="0.001" /><testcase classname="tests.test_utils.TestValidateFilePath" name="test_validate_file_path_not_required" time="0.000" /><testcase classname="tests.test_utils.TestValidateDataFrame" name="test_validate_dataframe_success" time="0.001" /><testcase classname="tests.test_utils.TestValidateDataFrame" name="test_validate_dataframe_missing_column" time="0.001" /><testcase classname="tests.test_utils.TestValidateDataFrame" name="test_validate_dataframe_multiple_missing" time="0.001" /><testcase classname="tests.test_utils.TestValidateWeights" name="test_validate_weights_success" time="0.000" /><testcase classname="tests.test_utils.TestValidateWeights" name="test_validate_weights_not_one_raises" time="0.000" /><testcase classname="tests.test_utils.TestValidateWeights" name="test_validate_weights_close_to_one" time="0.001" /><testcase classname="tests.test_utils.TestValidateWeights" name="test_validate_weights_zero" time="0.001" /><testcase classname="tests.test_utils.TestValidatePlatform" name="test_validate_platform_no_requirement" time="0.000" /><testcase classname="tests.test_utils.TestValidatePlatform" name="test_validate_platform_linux_intel_required_success" time="0.002" /><testcase classname="tests.test_utils.TestValidatePlatform" name="test_validate_platform_linux_intel_required_failure" time="0.001" /><testcase classname="tests.test_utils.TestRequireColumns" name="test_require_columns_success" time="0.001" /><testcase classname="tests.test_utils.TestRequireColumns" name="test_require_columns_missing" time="0.001" /><testcase classname="tests.test_utils.TestUtilsIntegration" name="test_all_exports_available" time="0.000" /><testcase classname="tests.test_utils.TestUtilsIntegration" name="test_error_inheritance_chain" time="0.000" /><testcase classname="tests.test_config.TestDefaultParams" name="test_default_params_is_dict" time="0.000" /><testcase classname="tests.test_config.TestDefaultParams" name="test_default_params_has_algorithms" time="0.000" /><testcase classname="tests.test_config.TestDefaultParams" name="test_default_params_structure" time="0.000" /><testcase classname="tests.test_config.TestDefaultParams" name="test_hanoi_params" time="0.000" /><testcase classname="tests.test_config.TestDefaultParams" name="test_k_nucleotide_has_file_path" time="0.000" /><testcase classname="tests.test_config.TestGetDefaultParams" name="test_get_default_params_success" time="0.000" /><testcase classname="tests.test_config.TestGetDefaultParams" name="test_get_default_params_returns_copy" time="0.000" /><testcase classname="tests.test_config.TestGetDefaultParams" name="test_get_default_params_unknown_algorithm" time="0.001" /><testcase classname="tests.test_config.TestGetDefaultParams" name="test_get_default_params_all_algorithms" time="0.011" /><testcase classname="tests.test_config.TestResolveConfigPath" name="test_resolve_config_path_basic" time="0.001" /><testcase classname="tests.test_config.TestResolveConfigPath" name="test_resolve_config_path_multiple_parts" time="0.001" /><testcase classname="tests.test_config.TestDNAPathResolution" name="test_dna_path_from_env_var" time="0.002" /><testcase classname="tests.test_config.TestDNAPathResolution" name="test_dna_path_from_data_dir" time="0.005" /><testcase classname="tests.test_config.TestDNAPathResolution" name="test_dna_path_not_found_raises" time="0.002" /><testcase classname="tests.test_config.TestConfigIntegration" name="test_config_module_imports" time="0.000" /><testcase classname="tests.test_config.TestConfigIntegration" name="test_backwards_compatibility_alias" time="0.000" /><testcase classname="tests.test_config.TestConfigIntegration" name="test_get_default_params_modification_safe" time="0.000" /><testcase classname="tests.test_statistics.TestCalculateStandardDeviation" name="test_calculate_standard_deviation_basic" time="0.002" /><testcase classname="tests.test_statistics.TestCalculateStandardDeviation" name="test_calculate_standard_deviation_missing_algorithm_column" time="0.001" /><testcase classname="tests.test_statistics.TestCalculateStandardDeviation" name="test_calculate_standard_deviation_single_method" time="0.002" /><testcase classname="tests.test_statistics.TestPerformStatisticalTests" name="test_perform_statistical_tests_basic" time="0.001"><skipped type="pytest.skip" message="scipy not available">D:\GITHUB\ME\PGSI\tests\test_statistics.py:68: scipy not available</skipped></testcase><testcase classname="tests.test_statistics.TestPerformStatisticalTests" name="test_perform_statistical_tests_single_method_raises" time="0.000"><skipped type="pytest.skip" message="scipy not available">D:\GITHUB\ME\PGSI\tests\test_statistics.py:102: scipy not available</skipped></testcase><testcase classname="tests.test_statistics.TestPerformStatisticalTests" name="test_perform_statistical_tests_missing_scipy" time="0.002" /><testcase classname="tests.test_statistics.TestOnewayAnovaGreenscore" name="test_oneway_anova_greenscore_basic" time="0.000"><skipped type="pytest.skip" message="scipy not available">D:\GITHUB\ME\PGSI\tests\test_statistics.py:131: scipy not available</skipped></testcase><testcase classname="tests.test_statistics.TestOnewayAnovaGreenscore" name="test_oneway_anova_greenscore_single_method_raises" time="0.000"><skipped type="pytest.skip" message="scipy not available">D:\GITHUB\ME\PGSI\tests\test_statistics.py:145: scipy not available</skipped></testcase><testcase classname="tests.test_statistics.TestOnewayAnovaGreenscore" name="test_oneway_anova_greenscore_missing_columns" time="0.001" /><testcase classname="tests.test_statistics.TestOnewayAnovaGreenscore" name="test_oneway_anova_greenscore_missing_scipy" time="0.001" /><testcase classname="tests.test_statistics.TestLoadCSV" name="test_load_csv_success" time="0.021" /><testcase classname="tests.test_statistics.TestLoadCSV" name="test_load_csv_string_path" time="0.006" /><testcase classname="tests.test_statistics.TestLoadCSV" name="test_load_csv_missing_file_raises" time="0.001" /><testcase classname="tests.test_statistics.TestStatisticsIntegration" name="test_statistics_module_imports" time="0.000" /><testcase classname="tests.test_statistics.TestStatisticsIntegration" name="test_full_statistical_workflow" time="0.000"><skipped type="pytest.skip" message="scipy not available">D:\GITHUB\ME\PGSI\tests\test_statistics.py:240: scipy not available</skipped></testcase></testsuite></testsuites>