<?xml version="1.0" encoding="utf-8"?><testsuites name="pytest tests"><testsuite name="pytest" errors="0" failures="0" skipped="0" tests="20" time="0.265" timestamp="2025-12-11T00:34:01.169846+06:00" hostname="toothless"><testcase classname="tests.test_measurement.TestTimeMeasurement" name="test_measure_time_to_csv_decorator_works" time="0.001" /><testcase classname="tests.test_measurement.TestTimeMeasurement" name="test_measure_time_to_csv_creates_directory" time="0.003" /><testcase classname="tests.test_measurement.TestTimeMeasurement" name="test_measure_time_to_csv_creates_csv_file" time="0.036" /><testcase classname="tests.test_measurement.TestTimeMeasurement" name="test_measure_time_to_csv_creates_system_info_json" time="0.014" /><testcase classname="tests.test_measurement.TestTimeMeasurement" name="test_measure_time_to_csv_runs_multiple_times" time="0.016" /><testcase classname="tests.test_measurement.TestTimeMeasurement" name="test_measure_time_to_csv_with_path_object" time="0.003" /><testcase classname="tests.test_measurement.TestTimeMeasurement" name="test_measure_time_to_csv_preserves_function_metadata" time="0.000" /><testcase classname="tests.test_measurement.TestTimeMeasurement" name="test_measure_time_to_csv_handles_function_arguments" time="0.005" /><testcase classname="tests.test_measurement.TestEnergyMeasurement" name="test_measure_energy_to_csv_raises_error_on_non_linux" time="0.002" /><testcase classname="tests.test_measurement.TestEnergyMeasurement" name="test_measure_energy_to_csv_raises_error_if_pyrapl_not_installed" time="0.001" /><testcase classname="tests.test_measurement.TestEnergyMeasurement" name="test_measure_energy_to_csv_creates_directory" time="0.005" /><testcase classname="tests.test_measurement.TestEnergyMeasurement" name="test_measure_energy_to_csv_creates_csv_file" time="0.017" /><testcase classname="tests.test_measurement.TestEnergyMeasurement" name="test_measure_energy_to_csv_creates_system_info_json" time="0.018" /><testcase classname="tests.test_measurement.TestEnergyMeasurement" name="test_measure_energy_to_csv_runs_multiple_times" time="0.018" /><testcase classname="tests.test_measurement.TestEnergyMeasurement" name="test_measure_energy_to_csv_with_path_object" time="0.005" /><testcase classname="tests.test_measurement.TestEnergyMeasurement" name="test_measure_energy_to_csv_handles_no_dram" time="0.015" /><testcase classname="tests.test_measurement.TestMeasurementIntegration" name="test_measurement_modules_import" time="0.000" /><testcase classname="tests.test_measurement.TestMeasurementIntegration" name="test_both_decorators_work_together" time="0.005" /><testcase classname="tests.test_measurement.TestMeasurementIntegration" name="test_pathlib_usage_in_time_decorator" time="0.003" /><testcase classname="tests.test_measurement.TestMeasurementIntegration" name="test_pathlib_usage_in_energy_decorator" time="0.005" /></testsuite></testsuites>