<?xml version="1.0" encoding="utf-8"?><testsuites name="pytest tests"><testsuite name="pytest" errors="0" failures="0" skipped="0" tests="25" time="0.658" timestamp="2025-12-11T00:49:49.306051+06:00" hostname="toothless"><testcase classname="tests.test_models.TestCarbonFootprint" name="test_calculate_carbon_footprint_basic" time="0.012" /><testcase classname="tests.test_models.TestCarbonFootprint" name="test_calculate_carbon_footprint_values" time="0.007" /><testcase classname="tests.test_models.TestCarbonFootprint" name="test_calculate_carbon_footprint_custom_intensity" time="0.007" /><testcase classname="tests.test_models.TestCarbonFootprint" name="test_calculate_carbon_footprint_saves_file" time="0.011" /><testcase classname="tests.test_models.TestCarbonFootprint" name="test_calculate_carbon_footprint_missing_file" time="0.000" /><testcase classname="tests.test_models.TestCarbonFootprint" name="test_calculate_carbon_footprint_missing_algorithm_column" time="0.005" /><testcase classname="tests.test_models.TestNormalizeMetrics" name="test_normalize_metrics_basic" time="0.003" /><testcase classname="tests.test_models.TestNormalizeMetrics" name="test_normalize_metrics_values" time="0.002" /><testcase classname="tests.test_models.TestNormalizeMetrics" name="test_normalize_metrics_constant_row" time="0.001" /><testcase classname="tests.test_models.TestNormalizeMetrics" name="test_normalize_metrics_saves_file" time="0.006" /><testcase classname="tests.test_models.TestGreenScore" name="test_calculate_greenscore_basic" time="0.008" /><testcase classname="tests.test_models.TestGreenScore" name="test_calculate_greenscore_weights_validation" time="0.001" /><testcase classname="tests.test_models.TestGreenScore" name="test_calculate_greenscore_sorted" time="0.007" /><testcase classname="tests.test_models.TestGreenScore" name="test_calculate_greenscore_saves_file" time="0.011" /><testcase classname="tests.test_models.TestAggregation" name="test_aggregate_energy_basic" time="0.009" /><testcase classname="tests.test_models.TestAggregation" name="test_aggregate_energy_values" time="0.004" /><testcase classname="tests.test_models.TestAggregation" name="test_aggregate_energy_saves_file" time="0.010" /><testcase classname="tests.test_models.TestAggregation" name="test_aggregate_energy_missing_folder" time="0.000" /><testcase classname="tests.test_models.TestAggregation" name="test_aggregate_time_basic" time="0.004" /><testcase classname="tests.test_models.TestAggregation" name="test_aggregate_time_values" time="0.004" /><testcase classname="tests.test_models.TestCombination" name="test_combine_energy_results_basic" time="0.011" /><testcase classname="tests.test_models.TestCombination" name="test_combine_time_results_basic" time="0.012" /><testcase classname="tests.test_models.TestCombination" name="test_combine_energy_results_missing_file" time="0.000" /><testcase classname="tests.test_models.TestCombination" name="test_combine_energy_results_extract_algorithm" time="0.006" /><testcase classname="tests.test_models.TestModelsIntegration" name="test_full_pipeline" time="0.024" /></testsuite></testsuites>