<?xml version="1.0" encoding="utf-8"?><testsuites name="pytest tests"><testsuite name="pytest" errors="0" failures="0" skipped="0" tests="29" time="0.118" timestamp="2025-12-11T00:24:53.406863+06:00" hostname="toothless"><testcase classname="tests.test_platform.TestPlatformDetection" name="test_detect_platform_returns_string" time="0.001" /><testcase classname="tests.test_platform.TestPlatformDetection" name="test_detect_platform_consistency" time="0.001" /><testcase classname="tests.test_platform.TestPlatformDetection" name="test_is_windows" time="0.001" /><testcase classname="tests.test_platform.TestPlatformDetection" name="test_is_macos" time="0.001" /><testcase classname="tests.test_platform.TestPlatformDetection" name="test_is_linux" time="0.000" /><testcase classname="tests.test_platform.TestPlatformDetection" name="test_is_linux_intel_on_windows" time="0.001" /><testcase classname="tests.test_platform.TestPlatformDetection" name="test_is_linux_intel_linux_x86_64" time="0.001" /><testcase classname="tests.test_platform.TestPlatformDetection" name="test_is_linux_intel_linux_amd64" time="0.001" /><testcase classname="tests.test_platform.TestPlatformDetection" name="test_is_linux_intel_linux_arm" time="0.001" /><testcase classname="tests.test_platform.TestPathResolution" name="test_get_user_data_dir_returns_path" time="0.001" /><testcase classname="tests.test_platform.TestPathResolution" name="test_get_user_data_dir_platform_specific" time="0.000" /><testcase classname="tests.test_platform.TestPathResolution" name="test_resolve_data_path_with_base" time="0.000" /><testcase classname="tests.test_platform.TestPathResolution" name="test_resolve_data_path_with_env_var" time="0.001" /><testcase classname="tests.test_platform.TestPathResolution" name="test_resolve_data_path_default" time="0.001" /><testcase classname="tests.test_platform.TestPathResolution" name="test_resolve_benchmark_path_default" time="0.001" /><testcase classname="tests.test_platform.TestPathResolution" name="test_resolve_benchmark_path_with_env_var" time="0.001" /><testcase classname="tests.test_platform.TestHardwareDetection" name="test_get_cpu_info_returns_dict" time="0.000" /><testcase classname="tests.test_platform.TestHardwareDetection" name="test_get_cpu_info_has_valid_values" time="0.000" /><testcase classname="tests.test_platform.TestHardwareDetection" name="test_get_system_info_returns_dict" time="0.001" /><testcase classname="tests.test_platform.TestHardwareDetection" name="test_get_system_info_with_path_string" time="0.001" /><testcase classname="tests.test_platform.TestHardwareDetection" name="test_get_system_info_with_path_object" time="0.001" /><testcase classname="tests.test_platform.TestHardwareDetection" name="test_get_system_info_ram_positive" time="0.001" /><testcase classname="tests.test_platform.TestHardwareDetection" name="test_check_rapl_support_returns_bool" time="0.001" /><testcase classname="tests.test_platform.TestHardwareDetection" name="test_check_rapl_support_non_linux" time="0.001" /><testcase classname="tests.test_platform.TestHardwareDetection" name="test_check_rapl_support_linux_with_pyrapl" time="0.001" /><testcase classname="tests.test_platform.TestHardwareDetection" name="test_check_rapl_support_import_error" time="0.001" /><testcase classname="tests.test_platform.TestIntegration" name="test_platform_module_imports" time="0.001" /><testcase classname="tests.test_platform.TestIntegration" name="test_path_operations_use_pathlib" time="0.000" /><testcase classname="tests.test_platform.TestIntegration" name="test_system_info_completeness" time="0.001" /></testsuite></testsuites>